2020-06-16 22:14:33.464  INFO 9720 --- [main] c.s.s.SpringForeignCfgApplication        : Starting SpringForeignCfgApplication on DESKTOP-5RD3CCP with PID 9720 (D:\work\workspace\IdeaProjects\spring-foreign-cfg\target\classes started by user in D:\work\workspace\IdeaProjects\spring-foreign-cfg)
2020-06-16 22:14:33.472 DEBUG 9720 --- [main] c.s.s.SpringForeignCfgApplication        : Running with Spring Boot v2.3.0.RELEASE, Spring v5.2.6.RELEASE
2020-06-16 22:14:33.476  INFO 9720 --- [main] c.s.s.SpringForeignCfgApplication        : The following profiles are active: test
2020-06-16 22:14:34.581  INFO 9720 --- [main] o.s.b.w.embedded.tomcat.TomcatWebServer  : Tomcat initialized with port(s): 0 (http)
2020-06-16 22:14:34.590  INFO 9720 --- [main] o.apache.catalina.core.StandardService   : Starting service [Tomcat]
2020-06-16 22:14:34.590  INFO 9720 --- [main] org.apache.catalina.core.StandardEngine  : Starting Servlet engine: [Apache Tomcat/9.0.35]
2020-06-16 22:14:34.664  INFO 9720 --- [main] o.a.c.c.C.[Tomcat].[localhost].[/]       : Initializing Spring embedded WebApplicationContext
2020-06-16 22:14:34.664  INFO 9720 --- [main] o.s.web.context.ContextLoader            : Root WebApplicationContext: initialization completed in 1106 ms
2020-06-16 22:14:34.772  WARN 9720 --- [main] ConfigServletWebServerApplicationContext : Exception encountered during context initialization - cancelling refresh attempt: org.springframework.boot.context.properties.ConfigurationPropertiesBindException: Error creating bean with name 'proddbProperties': Could not bind properties to 'ProddbProperties' : prefix=proddb, ignoreInvalidFields=false, ignoreUnknownFields=true; nested exception is org.springframework.boot.context.properties.bind.BindException: Failed to bind properties under 'proddb' to com.seungmoo.springforeigncfg.ProddbProperties
2020-06-16 22:14:34.775  INFO 9720 --- [main] o.apache.catalina.core.StandardService   : Stopping service [Tomcat]
2020-06-16 22:14:34.789  INFO 9720 --- [main] ConditionEvaluationReportLoggingListener : 

Error starting ApplicationContext. To display the conditions report re-run your application with 'debug' enabled.
2020-06-16 22:14:34.794 ERROR 9720 --- [main] o.s.b.d.LoggingFailureAnalysisReporter   : 

***************************
APPLICATION FAILED TO START
***************************

Description:

Binding to target org.springframework.boot.context.properties.bind.BindException: Failed to bind properties under 'proddb' to com.seungmoo.springforeigncfg.ProddbProperties failed:

    Property: proddb.value1
    Value: null
    Reason: 반드시 값이 존재하고 길이 혹은 크기가 0보다 커야 합니다.


Action:

Update your application's configuration

2020-06-16 22:14:34.803  WARN 9720 --- [main] o.s.boot.SpringApplication               : Unable to close ApplicationContext

org.springframework.beans.factory.UnsatisfiedDependencyException: Error creating bean with name 'springApplicationAdminRegistrar' defined in class path resource [org/springframework/boot/autoconfigure/admin/SpringApplicationAdminJmxAutoConfiguration.class]: Unsatisfied dependency expressed through method 'springApplicationAdminRegistrar' parameter 1; nested exception is org.springframework.beans.factory.NoSuchBeanDefinitionException: No qualifying bean of type 'org.springframework.core.env.Environment' available: expected at least 1 bean which qualifies as autowire candidate. Dependency annotations: {}
	at org.springframework.beans.factory.support.ConstructorResolver.createArgumentArray(ConstructorResolver.java:798) ~[spring-beans-5.2.6.RELEASE.jar:5.2.6.RELEASE]
	at org.springframework.beans.factory.support.ConstructorResolver.instantiateUsingFactoryMethod(ConstructorResolver.java:539) ~[spring-beans-5.2.6.RELEASE.jar:5.2.6.RELEASE]
	at org.springframework.beans.factory.support.AbstractAutowireCapableBeanFactory.instantiateUsingFactoryMethod(AbstractAutowireCapableBeanFactory.java:1338) ~[spring-beans-5.2.6.RELEASE.jar:5.2.6.RELEASE]
	at org.springframework.beans.factory.support.AbstractAutowireCapableBeanFactory.createBeanInstance(AbstractAutowireCapableBeanFactory.java:1177) ~[spring-beans-5.2.6.RELEASE.jar:5.2.6.RELEASE]
	at org.springframework.beans.factory.support.AbstractAutowireCapableBeanFactory.doCreateBean(AbstractAutowireCapableBeanFactory.java:557) ~[spring-beans-5.2.6.RELEASE.jar:5.2.6.RELEASE]
	at org.springframework.beans.factory.support.AbstractAutowireCapableBeanFactory.createBean(AbstractAutowireCapableBeanFactory.java:517) ~[spring-beans-5.2.6.RELEASE.jar:5.2.6.RELEASE]
	at org.springframework.beans.factory.support.AbstractBeanFactory.lambda$doGetBean$0(AbstractBeanFactory.java:323) ~[spring-beans-5.2.6.RELEASE.jar:5.2.6.RELEASE]
	at org.springframework.beans.factory.support.DefaultSingletonBeanRegistry.getSingleton(DefaultSingletonBeanRegistry.java:226) ~[spring-beans-5.2.6.RELEASE.jar:5.2.6.RELEASE]
	at org.springframework.beans.factory.support.AbstractBeanFactory.doGetBean(AbstractBeanFactory.java:321) ~[spring-beans-5.2.6.RELEASE.jar:5.2.6.RELEASE]
	at org.springframework.beans.factory.support.AbstractBeanFactory.getBean(AbstractBeanFactory.java:207) ~[spring-beans-5.2.6.RELEASE.jar:5.2.6.RELEASE]
	at org.springframework.context.event.AbstractApplicationEventMulticaster.retrieveApplicationListeners(AbstractApplicationEventMulticaster.java:245) ~[spring-context-5.2.6.RELEASE.jar:5.2.6.RELEASE]
	at org.springframework.context.event.AbstractApplicationEventMulticaster.getApplicationListeners(AbstractApplicationEventMulticaster.java:197) ~[spring-context-5.2.6.RELEASE.jar:5.2.6.RELEASE]
	at org.springframework.context.event.SimpleApplicationEventMulticaster.multicastEvent(SimpleApplicationEventMulticaster.java:134) ~[spring-context-5.2.6.RELEASE.jar:5.2.6.RELEASE]
	at org.springframework.context.support.AbstractApplicationContext.publishEvent(AbstractApplicationContext.java:403) ~[spring-context-5.2.6.RELEASE.jar:5.2.6.RELEASE]
	at org.springframework.context.support.AbstractApplicationContext.publishEvent(AbstractApplicationContext.java:360) ~[spring-context-5.2.6.RELEASE.jar:5.2.6.RELEASE]
	at org.springframework.boot.availability.AvailabilityChangeEvent.publish(AvailabilityChangeEvent.java:81) ~[spring-boot-2.3.0.RELEASE.jar:2.3.0.RELEASE]
	at org.springframework.boot.availability.AvailabilityChangeEvent.publish(AvailabilityChangeEvent.java:67) ~[spring-boot-2.3.0.RELEASE.jar:2.3.0.RELEASE]
	at org.springframework.boot.web.servlet.context.ServletWebServerApplicationContext.doClose(ServletWebServerApplicationContext.java:167) ~[spring-boot-2.3.0.RELEASE.jar:2.3.0.RELEASE]
	at org.springframework.context.support.AbstractApplicationContext.close(AbstractApplicationContext.java:978) ~[spring-context-5.2.6.RELEASE.jar:5.2.6.RELEASE]
	at org.springframework.boot.SpringApplication.handleRunFailure(SpringApplication.java:814) [spring-boot-2.3.0.RELEASE.jar:2.3.0.RELEASE]
	at org.springframework.boot.SpringApplication.run(SpringApplication.java:325) [spring-boot-2.3.0.RELEASE.jar:2.3.0.RELEASE]
	at org.springframework.boot.SpringApplication.run(SpringApplication.java:1237) [spring-boot-2.3.0.RELEASE.jar:2.3.0.RELEASE]
	at org.springframework.boot.SpringApplication.run(SpringApplication.java:1226) [spring-boot-2.3.0.RELEASE.jar:2.3.0.RELEASE]
	at com.seungmoo.springforeigncfg.SpringForeignCfgApplication.main(SpringForeignCfgApplication.java:24) [classes/:na]
Caused by: org.springframework.beans.factory.NoSuchBeanDefinitionException: No qualifying bean of type 'org.springframework.core.env.Environment' available: expected at least 1 bean which qualifies as autowire candidate. Dependency annotations: {}
	at org.springframework.beans.factory.support.DefaultListableBeanFactory.raiseNoMatchingBeanFound(DefaultListableBeanFactory.java:1716) ~[spring-beans-5.2.6.RELEASE.jar:5.2.6.RELEASE]
	at org.springframework.beans.factory.support.DefaultListableBeanFactory.doResolveDependency(DefaultListableBeanFactory.java:1272) ~[spring-beans-5.2.6.RELEASE.jar:5.2.6.RELEASE]
	at org.springframework.beans.factory.support.DefaultListableBeanFactory.resolveDependency(DefaultListableBeanFactory.java:1226) ~[spring-beans-5.2.6.RELEASE.jar:5.2.6.RELEASE]
	at org.springframework.beans.factory.support.ConstructorResolver.resolveAutowiredArgument(ConstructorResolver.java:885) ~[spring-beans-5.2.6.RELEASE.jar:5.2.6.RELEASE]
	at org.springframework.beans.factory.support.ConstructorResolver.createArgumentArray(ConstructorResolver.java:789) ~[spring-beans-5.2.6.RELEASE.jar:5.2.6.RELEASE]
	... 23 common frames omitted

2020-06-16 22:16:57.558  INFO 16172 --- [main] c.s.s.SpringForeignCfgApplication        : Starting SpringForeignCfgApplication on DESKTOP-5RD3CCP with PID 16172 (D:\work\workspace\IdeaProjects\spring-foreign-cfg\target\classes started by user in D:\work\workspace\IdeaProjects\spring-foreign-cfg)
2020-06-16 22:16:57.561 DEBUG 16172 --- [main] c.s.s.SpringForeignCfgApplication        : Running with Spring Boot v2.3.0.RELEASE, Spring v5.2.6.RELEASE
2020-06-16 22:16:57.562  INFO 16172 --- [main] c.s.s.SpringForeignCfgApplication        : The following profiles are active: prod,proddb
2020-06-16 22:16:58.477  INFO 16172 --- [main] o.s.b.w.embedded.tomcat.TomcatWebServer  : Tomcat initialized with port(s): 0 (http)
2020-06-16 22:16:58.486  INFO 16172 --- [main] o.apache.catalina.core.StandardService   : Starting service [Tomcat]
2020-06-16 22:16:58.486  INFO 16172 --- [main] org.apache.catalina.core.StandardEngine  : Starting Servlet engine: [Apache Tomcat/9.0.35]
2020-06-16 22:16:58.558  INFO 16172 --- [main] o.a.c.c.C.[Tomcat].[localhost].[/]       : Initializing Spring embedded WebApplicationContext
2020-06-16 22:16:58.558  INFO 16172 --- [main] o.s.web.context.ContextLoader            : Root WebApplicationContext: initialization completed in 940 ms
2020-06-16 22:16:58.838  INFO 16172 --- [main] o.s.s.concurrent.ThreadPoolTaskExecutor  : Initializing ExecutorService 'applicationTaskExecutor'
2020-06-16 22:16:58.968  INFO 16172 --- [main] o.s.b.w.embedded.tomcat.TomcatWebServer  : Tomcat started on port(s): 50473 (http) with context path ''
2020-06-16 22:16:58.977  INFO 16172 --- [main] c.s.s.SpringForeignCfgApplication        : Started SpringForeignCfgApplication in 1.89 seconds (JVM running for 2.815)
2020-06-16 22:16:58.978 DEBUG 16172 --- [main] c.s.springforeigncfg.SampleRunner        : =======================
2020-06-16 22:16:58.988 DEBUG 16172 --- [main] c.s.springforeigncfg.SampleRunner        : seungmoo prod
2020-06-16 22:16:58.989 DEBUG 16172 --- [main] c.s.springforeigncfg.SampleRunner        : seungmoo prod Lee
2020-06-16 22:16:58.990 DEBUG 16172 --- [main] c.s.springforeigncfg.SampleRunner        : PT25S
2020-06-16 22:16:58.990 DEBUG 16172 --- [main] c.s.springforeigncfg.SampleRunner        : hello prod
2020-06-16 22:16:58.995 DEBUG 16172 --- [main] c.s.springforeigncfg.SampleRunner        : proddb1
2020-06-16 22:16:58.995 DEBUG 16172 --- [main] c.s.springforeigncfg.SampleRunner        : =======================
